This is pdfTeX, Version 3.141592653-2.6-1.40.22 (MiKTeX 21.6) (preloaded format=pdflatex 2021.9.20)  1 NOV 2022 22:50
entering extended mode
**c:/Users/drakv/Desktop/fbmi/projekt/projekt/versions_of_project/spr2_latex/template/state_of_art.tex
(c:/Users/drakv/Desktop/fbmi/projekt/projekt/versions_of_project/spr2_latex/template/state_of_art.tex
LaTeX2e <2021-06-01>
L3 programming layer <2021-06-01> (C:\Users\drakv\AppData\Local\Programs\MiKTeX\tex/latex/base\article.cls
Document Class: article 2021/02/12 v1.4n Standard LaTeX document class
(C:\Users\drakv\AppData\Local\Programs\MiKTeX\tex/latex/base\size12.clo
File: size12.clo 2021/02/12 v1.4n Standard LaTeX file (size option)
)
\c@part=\count182
\c@section=\count183
\c@subsection=\count184
\c@subsubsection=\count185
\c@paragraph=\count186
\c@subparagraph=\count187
\c@figure=\count188
\c@table=\count189
\abovecaptionskip=\skip47
\belowcaptionskip=\skip48
\bibindent=\dimen138
) (C:\Users\drakv\AppData\Local\Programs\MiKTeX\tex/latex/geometry\geometry.sty
Package: geometry 2020/01/02 v5.9 Page Geometry
 (C:\Users\drakv\AppData\Local\Programs\MiKTeX\tex/latex/graphics\keyval.sty
Package: keyval 2014/10/28 v1.15 key=value parser (DPC)
\KV@toks@=\toks16
) (C:\Users\drakv\AppData\Local\Programs\MiKTeX\tex/generic/iftex\ifvtex.sty
Package: ifvtex 2019/10/25 v1.7 ifvtex legacy package. Use iftex instead.
 (C:\Users\drakv\AppData\Local\Programs\MiKTeX\tex/generic/iftex\iftex.sty
Package: iftex 2020/03/06 v1.0d TeX engine tests
))
\Gm@cnth=\count190
\Gm@cntv=\count191
\c@Gm@tempcnt=\count192
\Gm@bindingoffset=\dimen139
\Gm@wd@mp=\dimen140
\Gm@odd@mp=\dimen141
\Gm@even@mp=\dimen142
\Gm@layoutwidth=\dimen143
\Gm@layoutheight=\dimen144
\Gm@layouthoffset=\dimen145
\Gm@layoutvoffset=\dimen146
\Gm@dimlist=\toks17
 (C:\Users\drakv\AppData\Local\Programs\MiKTeX\tex/latex/geometry\geometry.cfg)) (C:\Users\drakv\AppData\Local\Programs\MiKTeX\tex/latex/amsmath\amsmath.sty
Package: amsmath 2021/04/20 v2.17j AMS math features
\@mathmargin=\skip49

For additional information on amsmath, use the `?' option.
(C:\Users\drakv\AppData\Local\Programs\MiKTeX\tex/latex/amsmath\amstext.sty
Package: amstext 2000/06/29 v2.01 AMS text
 (C:\Users\drakv\AppData\Local\Programs\MiKTeX\tex/latex/amsmath\amsgen.sty
File: amsgen.sty 1999/11/30 v2.0 generic functions
\@emptytoks=\toks18
\ex@=\dimen147
)) (C:\Users\drakv\AppData\Local\Programs\MiKTeX\tex/latex/amsmath\amsbsy.sty
Package: amsbsy 1999/11/29 v1.2d Bold Symbols
\pmbraise@=\dimen148
) (C:\Users\drakv\AppData\Local\Programs\MiKTeX\tex/latex/amsmath\amsopn.sty
Package: amsopn 2016/03/08 v2.02 operator names
)
\inf@bad=\count193
LaTeX Info: Redefining \frac on input line 234.
\uproot@=\count194
\leftroot@=\count195
LaTeX Info: Redefining \overline on input line 399.
\classnum@=\count196
\DOTSCASE@=\count197
LaTeX Info: Redefining \ldots on input line 496.
LaTeX Info: Redefining \dots on input line 499.
LaTeX Info: Redefining \cdots on input line 620.
\Mathstrutbox@=\box50
\strutbox@=\box51
\big@size=\dimen149
LaTeX Font Info:    Redeclaring font encoding OML on input line 743.
LaTeX Font Info:    Redeclaring font encoding OMS on input line 744.
\macc@depth=\count198
\c@MaxMatrixCols=\count199
\dotsspace@=\muskip16
\c@parentequation=\count266
\dspbrk@lvl=\count267
\tag@help=\toks19
\row@=\count268
\column@=\count269
\maxfields@=\count270
\andhelp@=\toks20
\eqnshift@=\dimen150
\alignsep@=\dimen151
\tagshift@=\dimen152
\tagwidth@=\dimen153
\totwidth@=\dimen154
\lineht@=\dimen155
\@envbody=\toks21
\multlinegap=\skip50
\multlinetaggap=\skip51
\mathdisplay@stack=\toks22
LaTeX Info: Redefining \[ on input line 2923.
LaTeX Info: Redefining \] on input line 2924.
) (C:\Users\drakv\AppData\Local\Programs\MiKTeX\tex/latex/float\float.sty
Package: float 2001/11/08 v1.3d Float enhancements (AL)
\c@float@type=\count271
\float@exts=\toks23
\float@box=\box52
\@float@everytoks=\toks24
\@floatcapt=\box53
) (C:\Users\drakv\AppData\Local\Programs\MiKTeX\tex/latex/xcolor\xcolor.sty
Package: xcolor 2016/05/11 v2.12 LaTeX color extensions (UK)
 (C:\Users\drakv\AppData\Local\Programs\MiKTeX\tex/latex/graphics-cfg\color.cfg
File: color.cfg 2016/01/02 v1.6 sample color configuration
)
Package xcolor Info: Driver file: pdftex.def on input line 225.
 (C:\Users\drakv\AppData\Local\Programs\MiKTeX\tex/latex/graphics-def\pdftex.def
File: pdftex.def 2020/10/05 v1.2a Graphics/color driver for pdftex
)
Package xcolor Info: Model `cmy' substituted by `cmy0' on input line 1348.
Package xcolor Info: Model `hsb' substituted by `rgb' on input line 1352.
Package xcolor Info: Model `RGB' extended on input line 1364.
Package xcolor Info: Model `HTML' substituted by `rgb' on input line 1366.
Package xcolor Info: Model `Hsb' substituted by `hsb' on input line 1367.
Package xcolor Info: Model `tHsb' substituted by `hsb' on input line 1368.
Package xcolor Info: Model `HSB' substituted by `hsb' on input line 1369.
Package xcolor Info: Model `Gray' substituted by `gray' on input line 1370.
Package xcolor Info: Model `wave' substituted by `hsb' on input line 1371.
 (C:\Users\drakv\AppData\Local\Programs\MiKTeX\tex/latex/graphics\dvipsnam.def
File: dvipsnam.def 2016/06/17 v3.0m Driver-dependent file (DPC,SPQR)
)) (C:\Users\drakv\AppData\Local\Programs\MiKTeX\tex/latex/base\inputenc.sty
Package: inputenc 2021/02/14 v1.3d Input encoding file
\inpenc@prehook=\toks25
\inpenc@posthook=\toks26
) (C:\Users\drakv\AppData\Local\Programs\MiKTeX\tex/generic/babel\babel.sty
Package: babel 2021/06/02 3.60 The Babel package
 (C:\Users\drakv\AppData\Local\Programs\MiKTeX\tex/generic/babel\babel.def
File: babel.def 2021/06/02 3.60 Babel common definitions
\babel@savecnt=\count272
\U@D=\dimen156
\l@unhyphenated=\language79
 (C:\Users\drakv\AppData\Local\Programs\MiKTeX\tex/generic/babel\txtbabel.def)
\bbl@readstream=\read2
)
\bbl@dirlevel=\count273

*************************************
* Local config file bblopts.cfg used
*
(C:\Users\drakv\AppData\Local\Programs\MiKTeX\tex/latex/arabi\bblopts.cfg
File: bblopts.cfg 2005/09/08 v0.1 add Arabic and Farsi to "declared" options of babel
) (C:\Users\drakv\AppData\Local\Programs\MiKTeX\tex/latex/babel-czech\czech.ldf
Language: czech 2008/07/06 v3.1a Czech support from the babel system
Package babel Info: Making " an active character on input line 172.
\cs@wordlen=\count274
Package babel Info: Making - an active character on input line 226.
)) (C:\Users\drakv\AppData\Local\Programs\MiKTeX\tex/latex/tools\enumerate.sty
Package: enumerate 2015/07/23 v3.00 enumerate extensions (DPC)
\@enLab=\toks27
) (C:\Users\drakv\AppData\Local\Programs\MiKTeX\tex/latex/amsfonts\amsfonts.sty
Package: amsfonts 2013/01/14 v3.01 Basic AMSFonts support
\symAMSa=\mathgroup4
\symAMSb=\mathgroup5
LaTeX Font Info:    Redeclaring math symbol \hbar on input line 98.
LaTeX Font Info:    Overwriting math alphabet `\mathfrak' in version `bold'
(Font)                  U/euf/m/n --> U/euf/b/n on input line 106.
) (C:\Users\drakv\AppData\Local\Programs\MiKTeX\tex/latex/amsfonts\amssymb.sty
Package: amssymb 2013/01/14 v3.01 AMS font symbols
) (C:\Users\drakv\AppData\Local\Programs\MiKTeX\tex/latex/graphics\graphicx.sty
Package: graphicx 2020/12/05 v1.2c Enhanced LaTeX Graphics (DPC,SPQR)
 (C:\Users\drakv\AppData\Local\Programs\MiKTeX\tex/latex/graphics\graphics.sty
Package: graphics 2021/03/04 v1.4d Standard LaTeX Graphics (DPC,SPQR)
 (C:\Users\drakv\AppData\Local\Programs\MiKTeX\tex/latex/graphics\trig.sty
Package: trig 2016/01/03 v1.10 sin cos tan (DPC)
) (C:\Users\drakv\AppData\Local\Programs\MiKTeX\tex/latex/graphics-cfg\graphics.cfg
File: graphics.cfg 2016/06/04 v1.11 sample graphics configuration
)
Package graphics Info: Driver file: pdftex.def on input line 107.
)
\Gin@req@height=\dimen157
\Gin@req@width=\dimen158
) (C:\Users\drakv\AppData\Local\Programs\MiKTeX\tex/latex/setspace\setspace.sty
Package: setspace 2011/12/19 v6.7a set line spacing
) (C:\Users\drakv\AppData\Local\Programs\MiKTeX\tex/latex/tools\multicol.sty
Package: multicol 2019/12/09 v1.8y multicolumn formatting (FMi)
\c@tracingmulticols=\count275
\mult@box=\box54
\multicol@leftmargin=\dimen159
\c@unbalance=\count276
\c@collectmore=\count277
\doublecol@number=\count278
\multicoltolerance=\count279
\multicolpretolerance=\count280
\full@width=\dimen160
\page@free=\dimen161
\premulticols=\dimen162
\postmulticols=\dimen163
\multicolsep=\skip52
\multicolbaselineskip=\skip53
\partial@page=\box55
\last@line=\box56
\maxbalancingoverflow=\dimen164
\mult@rightbox=\box57
\mult@grightbox=\box58
\mult@gfirstbox=\box59
\mult@firstbox=\box60
\@tempa=\box61
\@tempa=\box62
\@tempa=\box63
\@tempa=\box64
\@tempa=\box65
\@tempa=\box66
\@tempa=\box67
\@tempa=\box68
\@tempa=\box69
\@tempa=\box70
\@tempa=\box71
\@tempa=\box72
\@tempa=\box73
\@tempa=\box74
\@tempa=\box75
\@tempa=\box76
\@tempa=\box77
\@tempa=\box78
\@tempa=\box79
\@tempa=\box80
\@tempa=\box81
\@tempa=\box82
\@tempa=\box83
\@tempa=\box84
\@tempa=\box85
\@tempa=\box86
\@tempa=\box87
\@tempa=\box88
\@tempa=\box89
\@tempa=\box90
\@tempa=\box91
\@tempa=\box92
\@tempa=\box93
\@tempa=\box94
\@tempa=\box95
\@tempa=\box96
\@tempa=\box97
\c@minrows=\count281
\c@columnbadness=\count282
\c@finalcolumnbadness=\count283
\last@try=\dimen165
\multicolovershoot=\dimen166
\multicolundershoot=\dimen167
\mult@nat@firstbox=\box98
\colbreak@box=\box99
\mc@col@check@num=\count284
) (C:\Users\drakv\AppData\Local\Programs\MiKTeX\tex/latex/multirow\multirow.sty
Package: multirow 2021/03/15 v2.8 Span multiple rows of a table
\multirow@colwidth=\skip54
\multirow@cntb=\count285
\multirow@dima=\skip55
\bigstrutjot=\dimen168
) (C:\Users\drakv\AppData\Local\Programs\MiKTeX\tex/latex/fancyhdr\fancyhdr.sty
Package: fancyhdr 2022/05/18 v4.0.3 Extensive control of page headers and footers
\f@nch@headwidth=\skip56
\f@nch@O@elh=\skip57
\f@nch@O@erh=\skip58
\f@nch@O@olh=\skip59
\f@nch@O@orh=\skip60
\f@nch@O@elf=\skip61
\f@nch@O@erf=\skip62
\f@nch@O@olf=\skip63
\f@nch@O@orf=\skip64
) (C:\Users\drakv\AppData\Local\Programs\MiKTeX\tex/latex/chngcntr\chngcntr.sty
Package: chngcntr 2018/04/09 v1.1a change counter resetting
Package chngcntr Info: \counterwithout already defined.
(chngcntr)             Quitting chngcntr on input line 21.
) (C:\Users\drakv\AppData\Local\Programs\MiKTeX\tex/latex/tools\array.sty
Package: array 2021/04/20 v2.5e Tabular extension package (FMi)
\col@sep=\dimen169
\ar@mcellbox=\box100
\extrarowheight=\dimen170
\NC@list=\toks28
\extratabsurround=\skip65
\backup@length=\skip66
\ar@cellbox=\box101
) (C:\Users\drakv\AppData\Local\Programs\MiKTeX\tex/latex/psnfss\helvet.sty
Package: helvet 2020/03/25 PSNFSS-v9.3 (WaS) 
) (C:\Users\drakv\AppData\Local\Programs\MiKTeX\tex/latex/threeparttable\threeparttable.sty
Package: threeparttable 2003/06/13  v 3.0
\@tempboxb=\box102
) (C:\Users\drakv\AppData\Local\Programs\MiKTeX\tex/latex/csquotes\csquotes.sty
Package: csquotes 2022-09-14 v5.2n context-sensitive quotations (JAW)
 (C:\Users\drakv\AppData\Local\Programs\MiKTeX\tex/latex/etoolbox\etoolbox.sty
Package: etoolbox 2020/10/05 v2.5k e-TeX tools for LaTeX (JAW)
\etb@tempcnta=\count286
)
\csq@reset=\count287
\csq@gtype=\count288
\csq@glevel=\count289
\csq@qlevel=\count290
\csq@maxlvl=\count291
\csq@tshold=\count292
\csq@ltx@everypar=\toks29
 (C:\Users\drakv\AppData\Local\Programs\MiKTeX\tex/latex/csquotes\csquotes.def
File: csquotes.def 2022-09-14 v5.2n csquotes generic definitions (JAW)
)
Package csquotes Info: Trying to load configuration file 'csquotes.cfg'...
Package csquotes Info: ... configuration file loaded successfully.
 (C:\Users\drakv\AppData\Local\Programs\MiKTeX\tex/latex/csquotes\csquotes.cfg
File: csquotes.cfg 
)) (C:\Users\drakv\AppData\Local\Programs\MiKTeX\tex/latex/biblatex\biblatex.sty
Package: biblatex 2020/12/31 v3.16 programmable bibliographies (PK/MW)
 (C:\Users\drakv\AppData\Local\Programs\MiKTeX\tex/generic/pdftexcmds\pdftexcmds.sty
Package: pdftexcmds 2020-06-27 v0.33 Utility functions of pdfTeX for LuaTeX (HO)
 (C:\Users\drakv\AppData\Local\Programs\MiKTeX\tex/generic/infwarerr\infwarerr.sty
Package: infwarerr 2019/12/03 v1.5 Providing info/warning/error messages (HO)
) (C:\Users\drakv\AppData\Local\Programs\MiKTeX\tex/generic/ltxcmds\ltxcmds.sty
Package: ltxcmds 2020-05-10 v1.25 LaTeX kernel commands for general use (HO)
)
Package pdftexcmds Info: \pdf@primitive is available.
Package pdftexcmds Info: \pdf@ifprimitive is available.
Package pdftexcmds Info: \pdfdraftmode found.
) (C:\Users\drakv\AppData\Local\Programs\MiKTeX\tex/latex/kvoptions\kvoptions.sty
Package: kvoptions 2020-10-07 v3.14 Key value format for package options (HO)
 (C:\Users\drakv\AppData\Local\Programs\MiKTeX\tex/generic/kvsetkeys\kvsetkeys.sty
Package: kvsetkeys 2019/12/15 v1.18 Key value parser (HO)
)) (C:\Users\drakv\AppData\Local\Programs\MiKTeX\tex/latex/logreq\logreq.sty
Package: logreq 2010/08/04 v1.0 xml request logger
\lrq@indent=\count293
 (C:\Users\drakv\AppData\Local\Programs\MiKTeX\tex/latex/logreq\logreq.def
File: logreq.def 2010/08/04 v1.0 logreq spec v1.0
)) (C:\Users\drakv\AppData\Local\Programs\MiKTeX\tex/latex/base\ifthen.sty
Package: ifthen 2020/11/24 v1.1c Standard LaTeX ifthen package (DPC)
) (C:\Users\drakv\AppData\Local\Programs\MiKTeX\tex/latex/url\url.sty
\Urlmuskip=\muskip17
Package: url 2013/09/16  ver 3.4  Verb mode for urls, etc.
)
\c@tabx@nest=\count294
\c@listtotal=\count295
\c@listcount=\count296
\c@liststart=\count297
\c@liststop=\count298
\c@citecount=\count299
\c@citetotal=\count300
\c@multicitecount=\count301
\c@multicitetotal=\count302
\c@instcount=\count303
\c@maxnames=\count304
\c@minnames=\count305
\c@maxitems=\count306
\c@minitems=\count307
\c@citecounter=\count308
\c@maxcitecounter=\count309
\c@savedcitecounter=\count310
\c@uniquelist=\count311
\c@uniquename=\count312
\c@refsection=\count313
\c@refsegment=\count314
\c@maxextratitle=\count315
\c@maxextratitleyear=\count316
\c@maxextraname=\count317
\c@maxextradate=\count318
\c@maxextraalpha=\count319
\c@abbrvpenalty=\count320
\c@highnamepenalty=\count321
\c@lownamepenalty=\count322
\c@maxparens=\count323
\c@parenlevel=\count324
\blx@tempcnta=\count325
\blx@tempcntb=\count326
\blx@tempcntc=\count327
\blx@maxsection=\count328
\blx@maxsegment@0=\count329
\blx@notetype=\count330
\blx@parenlevel@text=\count331
\blx@parenlevel@foot=\count332
\blx@sectionciteorder@0=\count333
\blx@entrysetcounter=\count334
\blx@biblioinstance=\count335
\labelnumberwidth=\skip67
\labelalphawidth=\skip68
\biblabelsep=\skip69
\bibitemsep=\skip70
\bibnamesep=\skip71
\bibinitsep=\skip72
\bibparsep=\skip73
\bibhang=\skip74
\blx@bcfin=\read3
\blx@bcfout=\write3
\blx@langwohyphens=\language80
\c@mincomprange=\count336
\c@maxcomprange=\count337
\c@mincompwidth=\count338
Package biblatex Info: Trying to load biblatex default data model...
Package biblatex Info: ... file 'blx-dm.def' found.
 (C:\Users\drakv\AppData\Local\Programs\MiKTeX\tex/latex/biblatex\blx-dm.def
File: blx-dm.def 2020/12/31 v3.16 biblatex localization (PK/MW)
)
Package biblatex Info: Trying to load biblatex style data model...
Package biblatex Info: ... file 'iso-numeric.dbx' found.
 (C:\Users\drakv\AppData\Local\Programs\MiKTeX\tex/latex/biblatex-iso690\iso-numeric.dbx
File: iso-numeric.dbx 2022/03/20 v0.4.1 ISO 690 biblatex data model extension
)
Package biblatex Info: Trying to load biblatex custom data model...
Package biblatex Info: ... file 'biblatex-dm.cfg' not found.
\c@afterword=\count339
\c@savedafterword=\count340
\c@annotator=\count341
\c@savedannotator=\count342
\c@author=\count343
\c@savedauthor=\count344
\c@bookauthor=\count345
\c@savedbookauthor=\count346
\c@commentator=\count347
\c@savedcommentator=\count348
\c@editor=\count349
\c@savededitor=\count350
\c@editora=\count351
\c@savededitora=\count352
\c@editorb=\count353
\c@savededitorb=\count354
\c@editorc=\count355
\c@savededitorc=\count356
\c@foreword=\count357
\c@savedforeword=\count358
\c@holder=\count359
\c@savedholder=\count360
\c@introduction=\count361
\c@savedintroduction=\count362
\c@namea=\count363
\c@savednamea=\count364
\c@nameb=\count365
\c@savednameb=\count366
\c@namec=\count367
\c@savednamec=\count368
\c@translator=\count369
\c@savedtranslator=\count370
\c@shortauthor=\count371
\c@savedshortauthor=\count372
\c@shorteditor=\count373
\c@savedshorteditor=\count374
\c@supervisor=\count375
\c@savedsupervisor=\count376
\c@labelname=\count377
\c@savedlabelname=\count378
\c@institution=\count379
\c@savedinstitution=\count380
\c@lista=\count381
\c@savedlista=\count382
\c@listb=\count383
\c@savedlistb=\count384
\c@listc=\count385
\c@savedlistc=\count386
\c@listd=\count387
\c@savedlistd=\count388
\c@liste=\count389
\c@savedliste=\count390
\c@listf=\count391
\c@savedlistf=\count392
\c@location=\count393
\c@savedlocation=\count394
\c@organization=\count395
\c@savedorganization=\count396
\c@origlocation=\count397
\c@savedoriglocation=\count398
\c@origpublisher=\count399
\c@savedorigpublisher=\count400
\c@publisher=\count401
\c@savedpublisher=\count402
\c@language=\count403
\c@savedlanguage=\count404
\c@origlanguage=\count405
\c@savedoriglanguage=\count406
\c@pageref=\count407
\c@savedpageref=\count408
\shorthandwidth=\skip75
\shortjournalwidth=\skip76
\shortserieswidth=\skip77
\shorttitlewidth=\skip78
\shortauthorwidth=\skip79
\shorteditorwidth=\skip80
\locallabelnumberwidth=\skip81
\locallabelalphawidth=\skip82
\localshorthandwidth=\skip83
\localshortjournalwidth=\skip84
\localshortserieswidth=\skip85
\localshorttitlewidth=\skip86
\localshortauthorwidth=\skip87
\localshorteditorwidth=\skip88
Package biblatex Info: Trying to load compatibility code...
Package biblatex Info: ... file 'blx-compat.def' found.
 (C:\Users\drakv\AppData\Local\Programs\MiKTeX\tex/latex/biblatex\blx-compat.def
File: blx-compat.def 2020/12/31 v3.16 biblatex compatibility (PK/MW)
)
Package biblatex Info: Trying to load generic definitions...
Package biblatex Info: ... file 'biblatex.def' found.
 (C:\Users\drakv\AppData\Local\Programs\MiKTeX\tex/latex/biblatex\biblatex.def
File: biblatex.def 2020/12/31 v3.16 biblatex compatibility (PK/MW)
\c@textcitecount=\count409
\c@textcitetotal=\count410
\c@textcitemaxnames=\count411
\c@biburlbigbreakpenalty=\count412
\c@biburlbreakpenalty=\count413
\c@biburlnumpenalty=\count414
\c@biburlucpenalty=\count415
\c@biburllcpenalty=\count416
\biburlbigskip=\muskip18
\biburlnumskip=\muskip19
\biburlucskip=\muskip20
\biburllcskip=\muskip21
\c@smartand=\count417
)
Package biblatex Info: Trying to load bibliography style 'iso-numeric'...
Package biblatex Info: ... file 'iso-numeric.bbx' found.
 (C:\Users\drakv\AppData\Local\Programs\MiKTeX\tex/latex/biblatex-iso690\iso-numeric.bbx
File: iso-numeric.bbx 2022/03/20 v0.4.1 ISO 690 biblatex bibliography style
Package biblatex Info: Trying to load bibliography style 'iso'...
Package biblatex Info: ... file 'iso.bbx' found.
 (C:\Users\drakv\AppData\Local\Programs\MiKTeX\tex/latex/biblatex-iso690\iso.bbx
File: iso.bbx 2022/03/20 v0.4.1 ISO 690 biblatex bibliography style
Package biblatex-iso690 Info: Space colon enabled: false.
Package biblatex-iso690 Info: Total pages enabled: false.
Package biblatex-iso690 Info: Short numeration enabled: false.
Package biblatex-iso690 Info: Thesis info in the notes section enabled: true.
Package biblatex-iso690 Info: URL field enabled: true.
Package biblatex-iso690 Info: ISBN field enabled: true.
Package biblatex-iso690 Info: DOI field enabled: true.
Package biblatex-iso690 Info: eprint field enabled: true.
Package biblatex-iso690 Info: Article publication info enabled: false.
Package biblatex-iso690 Info: Use current language for the bibliography: false.
Package biblatex-iso690 Info: Use no end dot for the bibliography entries: false.
Package biblatex Info: Delimiter 'multinamedelim' in context '' already defined, overwriting.
Package biblatex Info: Delimiter 'finalnamedelim' in context '' already defined, overwriting.
Package biblatex Info: Delimiter 'editortypedelim' in context '' already defined, overwriting.
Package biblatex Info: Delimiter 'authortypedelim' in context '' already defined, overwriting.
))
Package biblatex Info: Trying to load citation style 'iso-numeric'...
Package biblatex Info: ... file 'iso-numeric.cbx' found.
 (C:\Users\drakv\AppData\Local\Programs\MiKTeX\tex/latex/biblatex-iso690\iso-numeric.cbx
File: iso-numeric.cbx 2022/03/20 v0.4.1 ISO 690 biblatex citation style
Package biblatex Info: Trying to load citation style 'numeric'...
Package biblatex Info: ... file 'numeric.cbx' found.
 (C:\Users\drakv\AppData\Local\Programs\MiKTeX\tex/latex/biblatex/cbx\numeric.cbx
File: numeric.cbx 2020/12/31 v3.16 biblatex citation style (PK/MW)
Package biblatex Info: Redefining '\cite'.
Package biblatex Info: Redefining '\parencite'.
Package biblatex Info: Redefining '\footcite'.
Package biblatex Info: Redefining '\footcitetext'.
Package biblatex Info: Redefining '\smartcite'.
Package biblatex Info: Redefining '\supercite'.
Package biblatex Info: Redefining '\textcite'.
Package biblatex Info: Redefining '\textcites'.
Package biblatex Info: Redefining '\cites'.
Package biblatex Info: Redefining '\parencites'.
Package biblatex Info: Redefining '\smartcites'.
)
Package biblatex Info: Trying to load citation style 'iso-fullcite'...
Package biblatex Info: ... file 'iso-fullcite.cbx' found.
 (C:\Users\drakv\AppData\Local\Programs\MiKTeX\tex/latex/biblatex-iso690\iso-fullcite.cbx
File: iso-fullcite.cbx 2022/03/20 v0.4.1 ISO 690 biblatex fullcite modifications
Package biblatex Info: Redefining '\fullcite'.
Package biblatex Info: Redefining '\footfullcite'.
)
Package biblatex Info: Redefining '\parencite'.
)
Package biblatex Info: Trying to load configuration file...
Package biblatex Info: ... file 'biblatex.cfg' found.
 (C:\Users\drakv\AppData\Local\Programs\MiKTeX\tex/latex/biblatex\biblatex.cfg
File: biblatex.cfg 
)) (C:\Users\drakv\AppData\Local\Programs\MiKTeX\tex/latex/tocloft\tocloft.sty
Package: tocloft 2017/08/31 v2.3i parameterised ToC, etc., typesetting
Package tocloft Info: The document has section divisions on input line 51.
\cftparskip=\skip89
\cftbeforetoctitleskip=\skip90
\cftaftertoctitleskip=\skip91
\cftbeforepartskip=\skip92
\cftpartnumwidth=\skip93
\cftpartindent=\skip94
\cftbeforesecskip=\skip95
\cftsecindent=\skip96
\cftsecnumwidth=\skip97
\cftbeforesubsecskip=\skip98
\cftsubsecindent=\skip99
\cftsubsecnumwidth=\skip100
\cftbeforesubsubsecskip=\skip101
\cftsubsubsecindent=\skip102
\cftsubsubsecnumwidth=\skip103
\cftbeforeparaskip=\skip104
\cftparaindent=\skip105
\cftparanumwidth=\skip106
\cftbeforesubparaskip=\skip107
\cftsubparaindent=\skip108
\cftsubparanumwidth=\skip109
\cftbeforeloftitleskip=\skip110
\cftafterloftitleskip=\skip111
\cftbeforefigskip=\skip112
\cftfigindent=\skip113
\cftfignumwidth=\skip114
\c@lofdepth=\count418
\c@lotdepth=\count419
\cftbeforelottitleskip=\skip115
\cftafterlottitleskip=\skip116
\cftbeforetabskip=\skip117
\cfttabindent=\skip118
\cfttabnumwidth=\skip119
)
Runaway argument?
{\}{} 
c:/Users/drakv/Desktop/fbmi/projekt/projekt/versions_of_project/spr2_latex/template/state_of_art.tex:86: Paragraph ended before \new@command was complete.
<to be read again> 
                   \par 
l.86 
     
I suspect you've forgotten a `}', causing me to apply this
control sequence to too much text. How can we recover?
My plan is to forget the whole thing and hope for the best.

Package csquotes Info: Checking for multilingual support...
Package csquotes Info: ... found 'babel' package.
Package csquotes Info: Adjusting default style.
Package csquotes Info: Redefining alias 'default' -> 'czech'.
(C:\Users\drakv\AppData\Local\Programs\MiKTeX\tex/latex/l3backend\l3backend-pdftex.def
File: l3backend-pdftex.def 2021-05-07 L3 backend support: PDF output (pdfTeX)
\l__color_backend_stack_int=\count420
\l__pdf_internal_box=\box103
)
No file state_of_art.aux.
\openout1 = `state_of_art.aux'.

LaTeX Font Info:    Checking defaults for OML/cmm/m/it on input line 88.
LaTeX Font Info:    ... okay on input line 88.
LaTeX Font Info:    Checking defaults for OMS/cmsy/m/n on input line 88.
LaTeX Font Info:    ... okay on input line 88.
LaTeX Font Info:    Checking defaults for OT1/cmr/m/n on input line 88.
LaTeX Font Info:    ... okay on input line 88.
LaTeX Font Info:    Checking defaults for T1/cmr/m/n on input line 88.
LaTeX Font Info:    ... okay on input line 88.
LaTeX Font Info:    Checking defaults for TS1/cmr/m/n on input line 88.
LaTeX Font Info:    ... okay on input line 88.
LaTeX Font Info:    Checking defaults for OMX/cmex/m/n on input line 88.
LaTeX Font Info:    ... okay on input line 88.
LaTeX Font Info:    Checking defaults for U/cmr/m/n on input line 88.
LaTeX Font Info:    ... okay on input line 88.
*geometry* driver: auto-detecting
*geometry* detected driver: pdftex
*geometry* verbose mode - [ preamble ] result:
* driver: pdftex
* paper: a4paper
* layout: <same size as paper>
* layoutoffset:(h,v)=(0.0pt,0.0pt)
* modes: 
* h-part:(L,W,R)=(99.58464pt, 426.79135pt, 71.13188pt)
* v-part:(T,H,B)=(71.13188pt, 702.78308pt, 71.13188pt)
* \paperwidth=597.50787pt
* \paperheight=845.04684pt
* \textwidth=426.79135pt
* \textheight=702.78308pt
* \oddsidemargin=27.31465pt
* \evensidemargin=27.31465pt
* \topmargin=-38.1381pt
* \headheight=12.0pt
* \headsep=25.0pt
* \topskip=12.0pt
* \footskip=30.0pt
* \marginparwidth=35.0pt
* \marginparsep=10.0pt
* \columnsep=10.0pt
* \skip\footins=10.8pt plus 4.0pt minus 2.0pt
* \hoffset=0.0pt
* \voffset=0.0pt
* \mag=1000
* \@twocolumnfalse
* \@twosidefalse
* \@mparswitchfalse
* \@reversemarginfalse
* (1in=72.27pt=25.4mm, 1cm=28.453pt)

(C:\Users\drakv\AppData\Local\Programs\MiKTeX\tex/context/base/mkii\supp-pdf.mkii
[Loading MPS to PDF converter (version 2006.09.02).]
\scratchcounter=\count421
\scratchdimen=\dimen171
\scratchbox=\box104
\nofMPsegments=\count422
\nofMParguments=\count423
\everyMPshowfont=\toks30
\MPscratchCnt=\count424
\MPscratchDim=\dimen172
\MPnumerator=\count425
\makeMPintoPDFobject=\count426
\everyMPtoPDFconversion=\toks31
) (C:\Users\drakv\AppData\Local\Programs\MiKTeX\tex/latex/epstopdf-pkg\epstopdf-base.sty
Package: epstopdf-base 2020-01-24 v2.11 Base part for package epstopdf
Package epstopdf-base Info: Redefining graphics rule for `.eps' on input line 485.
 (C:\Users\drakv\AppData\Local\Programs\MiKTeX\tex/latex/00miktex\epstopdf-sys.cfg
File: epstopdf-sys.cfg 2021/03/18 v2.0 Configuration of epstopdf for MiKTeX
))
Package biblatex Info: Trying to load language 'czech' -> 'czech-iso'...
Package biblatex Info: ... file 'czech-iso.lbx' found.
 (C:\Users\drakv\AppData\Local\Programs\MiKTeX\tex/latex/biblatex-iso690\czech-iso.lbx
File: czech-iso.lbx 2022/03/20 v0.4.1 ISO 690 extended biblatex localization
Package biblatex Info: Trying to load language 'czech'...
Package biblatex Info: ... file 'czech.lbx' found.
 (C:\Users\drakv\AppData\Local\Programs\MiKTeX\tex/latex/biblatex/lbx\czech.lbx
File: czech.lbx 2020/12/31 v3.16 biblatex localization (PK/MW)
)
Package biblatex Info: Trying to load language 'czech'...
Package biblatex Info: ... file 'czech.lbx' found.
 (C:\Users\drakv\AppData\Local\Programs\MiKTeX\tex/latex/biblatex/lbx\czech.lbx
File: czech.lbx 2020/12/31 v3.16 biblatex localization (PK/MW)
))
Package biblatex Info: Input encoding 'utf8' detected.
Package biblatex Info: Automatic encoding selection.
(biblatex)             Assuming data encoding 'utf8'.
Package biblatex Info: Document encoding is UTF8 ....
 (C:\Users\drakv\AppData\Local\Programs\MiKTeX\tex/latex/l3kernel\expl3.sty
Package: expl3 2021-06-01 L3 programming layer (loader) 
)
Runaway argument?
2021-06-01\s__file_stop \__int_eval_end: \__prg_T_true:w \fi: \use_none:n \ETC.
c:/Users/drakv/Desktop/fbmi/projekt/projekt/versions_of_project/spr2_latex/template/state_of_art.tex:88: File ended while scanning use of \__file_parse_version:w.
<inserted text> 
                \par 
l.88 \begin{document}
                     
I suspect you have forgotten a `}', causing me
to read past where you wanted me to stop.
I'll try to recover; but if the error is serious,
you'd better type `E' or `X' now and fix your file.

c:/Users/drakv/Desktop/fbmi/projekt/projekt/versions_of_project/spr2_latex/template/state_of_art.tex:88: Missing number, treated as zero.
<to be read again> 
                   \__kernel_tl_set:Nx 
l.88 \begin{document}
                     
A number should have been here; I inserted `0'.
(If you can't figure out why I needed to see a number,
look up `weird error' in the index to The TeXbook.)


LaTeX Warning: You have requested, on input line 88, version
               `2020/04/06' of package expl3,
               but only version
               `2021-06-01 L3 programming layer (loader) '
               is available.

Package biblatex Info: ... but expl3
(biblatex)             2021-06-01 L3 programming layer (loader) 
(biblatex)             is too old (older than 2020/04/06),
(biblatex)             setting 'casechanger=latex2e'.
(C:\Users\drakv\AppData\Local\Programs\MiKTeX\tex/latex/biblatex\blx-case-latex2e.sty
Package: blx-case-latex2e 2020/12/31 v3.16 biblatex compatibility (PK/MW)
)
\openout3 = `state_of_art.bcf'.

Package biblatex Info: Trying to load bibliographic data...
Package biblatex Info: ... file 'state_of_art.bbl' not found.

No file state_of_art.bbl.
Package biblatex Info: Reference section=0 on input line 88.
Package biblatex Info: Reference segment=0 on input line 88.
<obrazky//symbol_cvut_konturova_verze.pdf, id=1, 126.78566pt x 96.54268pt>
File: obrazky//symbol_cvut_konturova_verze.pdf Graphic file (type pdf)
<use obrazky//symbol_cvut_konturova_verze.pdf>
Package pdftex.def Info: obrazky//symbol_cvut_konturova_verze.pdf  used on input line 94.
(pdftex.def)             Requested size: 85.35696pt x 64.99702pt.
LaTeX Font Info:    Trying to load font information for OT1+phv on input line 96.
(C:\Users\drakv\AppData\Local\Programs\MiKTeX\tex/latex/psnfss\ot1phv.fd
File: ot1phv.fd 2020/03/25 scalable font definitions for OT1/phv.
)
Underfull \hbox (badness 10000) in paragraph at lines 112--114

 []

[1

{C:/Users/drakv/AppData/Local/MiKTeX/pdftex/config/pdftex.map} <./obrazky//symbol_cvut_konturova_verze.pdf>]

LaTeX Warning: Citation '35' on page 1 undefined on input line 132.


LaTeX Warning: Citation '36' on page 1 undefined on input line 132.


LaTeX Warning: Citation '37' on page 1 undefined on input line 132.

LaTeX Font Info:    Trying to load font information for U+msa on input line 134.
(C:\Users\drakv\AppData\Local\Programs\MiKTeX\tex/latex/amsfonts\umsa.fd
File: umsa.fd 2013/01/14 v3.01 AMS symbols A
)
LaTeX Font Info:    Trying to load font information for U+msb on input line 134.
 (C:\Users\drakv\AppData\Local\Programs\MiKTeX\tex/latex/amsfonts\umsb.fd
File: umsb.fd 2013/01/14 v3.01 AMS symbols B
)

LaTeX Warning: Citation '9' on page 1 undefined on input line 143.


LaTeX Warning: Citation '10' on page 1 undefined on input line 143.


LaTeX Warning: Citation '11' on page 1 undefined on input line 143.


LaTeX Warning: Citation '12' on page 1 undefined on input line 143.


LaTeX Warning: Citation '13' on page 1 undefined on input line 143.


LaTeX Warning: Citation '14' on page 1 undefined on input line 143.


LaTeX Warning: Citation '33' on page 1 undefined on input line 143.


LaTeX Warning: Citation '34' on page 1 undefined on input line 143.


LaTeX Warning: Citation '11' on page 1 undefined on input line 149.


LaTeX Warning: Citation '12' on page 1 undefined on input line 149.


LaTeX Warning: Citation '33' on page 1 undefined on input line 149.


LaTeX Warning: Citation '34' on page 1 undefined on input line 149.


LaTeX Warning: Reference `fig:LSPR' on page 1 undefined on input line 156.


LaTeX Warning: Citation '38' on page 1 undefined on input line 159.


LaTeX Warning: Citation '39' on page 1 undefined on input line 159.


LaTeX Warning: Citation '40' on page 1 undefined on input line 159.


LaTeX Warning: Citation '41' on page 1 undefined on input line 159.


Overfull \hbox (4.90645pt too wide) in paragraph at lines 151--160
[]\OT1/cmr/m/n/12 Special type of NPs with huge uti-li-zation in bi-o-me-di-cine include sur-face plasmons,
 []

[1

]
<obrazky//LSPR.png, id=17, 853.1875pt x 241.90375pt>
File: obrazky//LSPR.png Graphic file (type png)
<use obrazky//LSPR.png>
Package pdftex.def Info: obrazky//LSPR.png  used on input line 162.
(pdftex.def)             Requested size: 426.79135pt x 121.01062pt.


LaTeX Warning: Citation '20' on page 2 undefined on input line 163.


LaTeX Warning: Citation '1' on page 2 undefined on input line 173.


LaTeX Warning: Citation '4' on page 2 undefined on input line 173.


LaTeX Warning: Citation '33' on page 2 undefined on input line 173.


LaTeX Warning: Citation '34' on page 2 undefined on input line 173.


LaTeX Warning: Reference `fig:GNR' on page 2 undefined on input line 175.


LaTeX Warning: Reference `fig:color' on page 2 undefined on input line 177.


LaTeX Warning: Citation '4' on page 2 undefined on input line 177.


LaTeX Warning: Citation '5' on page 2 undefined on input line 177.


LaTeX Warning: Citation '6' on page 2 undefined on input line 177.


LaTeX Warning: Citation '7' on page 2 undefined on input line 177.


LaTeX Warning: Citation '8' on page 2 undefined on input line 177.

<obrazky//GNR.jpg, id=18, 407.39815pt x 228.9616pt>
File: obrazky//GNR.jpg Graphic file (type jpg)
<use obrazky//GNR.jpg>
Package pdftex.def Info: obrazky//GNR.jpg  used on input line 181.
(pdftex.def)             Requested size: 426.79135pt x 239.87175pt.

LaTeX Warning: Citation '19' on page 2 undefined on input line 182.

[2 <./obrazky//LSPR.png>]
<obrazky//color.png, id=23, 421.575pt x 259.56975pt>
File: obrazky//color.png Graphic file (type png)
<use obrazky//color.png>
Package pdftex.def Info: obrazky//color.png  used on input line 187.
(pdftex.def)             Requested size: 426.79135pt x 262.7852pt.


LaTeX Warning: Citation '32' on page 3 undefined on input line 188.


LaTeX Warning: `h' float specifier changed to `ht'.


LaTeX Warning: Reference `fig:GNR_shape' on page 3 undefined on input line 192.


LaTeX Warning: Citation '42' on page 3 undefined on input line 195.

<obrazky//GNRs_shapes.png, id=24, 853.1875pt x 639.38875pt>
File: obrazky//GNRs_shapes.png Graphic file (type png)
<use obrazky//GNRs_shapes.png>
Package pdftex.def Info: obrazky//GNRs_shapes.png  used on input line 198.
(pdftex.def)             Requested size: 426.79135pt x 319.84969pt.

LaTeX Warning: Citation '20' on page 3 undefined on input line 199.


LaTeX Warning: `h' float specifier changed to `ht'.


LaTeX Warning: Reference `fig:TEM' on page 3 undefined on input line 203.


LaTeX Warning: Citation '43' on page 3 undefined on input line 204.

<obrazky//tem_principle.png, id=25, 542.025pt x 763.85374pt>
File: obrazky//tem_principle.png Graphic file (type png)
<use obrazky//tem_principle.png>
Package pdftex.def Info: obrazky//tem_principle.png  used on input line 207.
(pdftex.def)             Requested size: 250.0pt x 352.30942pt.

LaTeX Warning: Citation '20' on page 3 undefined on input line 208.


LaTeX Warning: `h' float specifier changed to `ht'.


LaTeX Warning: Citation '43' on page 3 undefined on input line 218.

[3 <./obrazky//GNR.jpg>]

LaTeX Warning: Citation '1' on page 4 undefined on input line 228.


LaTeX Warning: Citation '2' on page 4 undefined on input line 228.


LaTeX Warning: Citation '15' on page 4 undefined on input line 228.


LaTeX Warning: Citation '17' on page 4 undefined on input line 228.

[4 <./obrazky//color.png>]

LaTeX Warning: Reference `fig:otsu' on page 5 undefined on input line 236.


LaTeX Warning: Citation '15' on page 5 undefined on input line 237.


LaTeX Warning: Citation '16' on page 5 undefined on input line 237.


LaTeX Warning: Citation '17' on page 5 undefined on input line 237.


LaTeX Warning: Citation '18' on page 5 undefined on input line 237.

<obrazky//otsu_method.png, id=32, 431.6125pt x 318.18875pt>
File: obrazky//otsu_method.png Graphic file (type png)
<use obrazky//otsu_method.png>
Package pdftex.def Info: obrazky//otsu_method.png  used on input line 240.
(pdftex.def)             Requested size: 426.79135pt x 314.64368pt.

LaTeX Warning: Citation '20' on page 5 undefined on input line 241.


LaTeX Warning: `h' float specifier changed to `ht'.


LaTeX Warning: Citation '15' on page 5 undefined on input line 257.


LaTeX Warning: Citation '16' on page 5 undefined on input line 257.


LaTeX Warning: Citation '17' on page 5 undefined on input line 257.


LaTeX Warning: Citation '18' on page 5 undefined on input line 257.

[5 <./obrazky//GNRs_shapes.png>] [6 <./obrazky//tem_principle.png>]

LaTeX Warning: Reference `fig:watershed' on page 7 undefined on input line 259.


LaTeX Warning: Citation '2' on page 7 undefined on input line 266.


LaTeX Warning: Citation '3' on page 7 undefined on input line 266.

[7 <./obrazky//otsu_method.png (PNG copy)>]
<obrazky//watershed.jpg, id=45, 530.73282pt x 175.40532pt>
File: obrazky//watershed.jpg Graphic file (type jpg)
<use obrazky//watershed.jpg>
Package pdftex.def Info: obrazky//watershed.jpg  used on input line 269.
(pdftex.def)             Requested size: 426.79135pt x 141.0551pt.


LaTeX Warning: Citation '20' on page 8 undefined on input line 270.


LaTeX Warning: Citation '22' on page 8 undefined on input line 274.


LaTeX Warning: Citation '23' on page 8 undefined on input line 277.


LaTeX Warning: Citation '3' on page 8 undefined on input line 283.


LaTeX Warning: Citation '17' on page 8 undefined on input line 285.


LaTeX Warning: Citation '22' on page 8 undefined on input line 285.

[8 <./obrazky//watershed.jpg>]

LaTeX Warning: Citation '22' on page 9 undefined on input line 291.


LaTeX Warning: Citation '22' on page 9 undefined on input line 298.

c:/Users/drakv/Desktop/fbmi/projekt/projekt/versions_of_project/spr2_latex/template/state_of_art.tex:304: Missing $ inserted.
<inserted text> 
                $
l.304             \begin{bmatrix}
                                 
I've inserted a begin-math/end-math symbol since I think
you left one out. Proceed, with fingers crossed.

c:/Users/drakv/Desktop/fbmi/projekt/projekt/versions_of_project/spr2_latex/template/state_of_art.tex:308: Missing $ inserted.
<inserted text> 
                $
l.308             \end{bmatrix}
                               \hlinefill
I've inserted something that you may have forgotten.
(See the <inserted text> above.)
With luck, this will get me unwedged. But if you
really didn't forget anything, try typing `2' now; then
my insertion and my current dilemma will both disappear.

c:/Users/drakv/Desktop/fbmi/projekt/projekt/versions_of_project/spr2_latex/template/state_of_art.tex:308: Undefined control sequence.
l.308             \end{bmatrix}\hlinefill
                                         
The control sequence at the end of the top line
of your error message was never \def'ed. If you have
misspelled it (e.g., `\hobx'), type `I' and the correct
spelling (e.g., `I\hbox'). Otherwise just continue,
and I'll forget about whatever was undefined.

c:/Users/drakv/Desktop/fbmi/projekt/projekt/versions_of_project/spr2_latex/template/state_of_art.tex:309: Missing $ inserted.
<inserted text> 
                $
l.309             \begin{bmatrix}
                                 
I've inserted a begin-math/end-math symbol since I think
you left one out. Proceed, with fingers crossed.

c:/Users/drakv/Desktop/fbmi/projekt/projekt/versions_of_project/spr2_latex/template/state_of_art.tex:313: Missing $ inserted.
<inserted text> 
                $
l.313             \end{bmatrix}
                               
I've inserted something that you may have forgotten.
(See the <inserted text> above.)
With luck, this will get me unwedged. But if you
really didn't forget anything, try typing `2' now; then
my insertion and my current dilemma will both disappear.


LaTeX Warning: Citation '22' on page 9 undefined on input line 314.


LaTeX Warning: Citation '22' on page 9 undefined on input line 318.


LaTeX Warning: Citation '21' on page 9 undefined on input line 320.


LaTeX Warning: Citation '22' on page 9 undefined on input line 326.

c:/Users/drakv/Desktop/fbmi/projekt/projekt/versions_of_project/spr2_latex/template/state_of_art.tex:330: Missing $ inserted.
<inserted text> 
                $
l.330             \begin{bmatrix}
                                 
I've inserted a begin-math/end-math symbol since I think
you left one out. Proceed, with fingers crossed.

c:/Users/drakv/Desktop/fbmi/projekt/projekt/versions_of_project/spr2_latex/template/state_of_art.tex:334: Missing $ inserted.
<inserted text> 
                $
l.334             \end{bmatrix}
                               
I've inserted something that you may have forgotten.
(See the <inserted text> above.)
With luck, this will get me unwedged. But if you
really didn't forget anything, try typing `2' now; then
my insertion and my current dilemma will both disappear.


LaTeX Warning: Citation '22' on page 9 undefined on input line 335.


LaTeX Warning: Citation '26' on page 9 undefined on input line 339.


LaTeX Warning: Citation '25' on page 9 undefined on input line 344.


LaTeX Warning: Citation '26' on page 9 undefined on input line 344.


LaTeX Warning: Reference `fig:k-means' on page 9 undefined on input line 344.


LaTeX Warning: Citation '26' on page 9 undefined on input line 347.

[9]
<obrazky//k-means.jpg, id=56, 240.9pt x 211.5102pt>
File: obrazky//k-means.jpg Graphic file (type jpg)
<use obrazky//k-means.jpg>
Package pdftex.def Info: obrazky//k-means.jpg  used on input line 350.
(pdftex.def)             Requested size: 426.79135pt x 374.7603pt.


LaTeX Warning: Citation '24' on page 10 undefined on input line 351.


LaTeX Warning: Citation '26' on page 10 undefined on input line 359.


LaTeX Warning: Citation '27' on page 10 undefined on input line 359.


LaTeX Warning: Citation '28' on page 10 undefined on input line 359.


LaTeX Warning: Citation '27' on page 10 undefined on input line 360.

[10 <./obrazky//k-means.jpg>]

LaTeX Warning: Reference `fig:neural_networks' on page 11 undefined on input line 366.


LaTeX Warning: Citation '29' on page 11 undefined on input line 366.


LaTeX Warning: Citation '29' on page 11 undefined on input line 373.


LaTeX Warning: Citation '29' on page 11 undefined on input line 377.

<obrazky//neural_network.jpg, id=60, 566.86781pt x 295.85532pt>
File: obrazky//neural_network.jpg Graphic file (type jpg)
<use obrazky//neural_network.jpg>
Package pdftex.def Info: obrazky//neural_network.jpg  used on input line 380.
(pdftex.def)             Requested size: 426.79135pt x 222.75317pt.

LaTeX Warning: Citation '20' on page 11 undefined on input line 381.


LaTeX Warning: `h' float specifier changed to `ht'.


LaTeX Warning: Citation '30' on page 11 undefined on input line 386.


LaTeX Warning: Citation '2' on page 11 undefined on input line 387.


LaTeX Warning: Citation '30' on page 11 undefined on input line 393.


LaTeX Warning: Citation '31' on page 11 undefined on input line 393.


LaTeX Warning: Citation '30' on page 11 undefined on input line 396.

[11] [12 <./obrazky//neural_network.jpg>]

LaTeX Warning: Empty bibliography on input line 402.

[13

] (state_of_art.aux)

LaTeX Warning: There were undefined references.


LaTeX Warning: Label(s) may have changed. Rerun to get cross-references right.


Package biblatex Warning: Please (re)run Biber on the file:
(biblatex)                state_of_art
(biblatex)                and rerun LaTeX afterwards.

Package logreq Info: Writing requests to 'state_of_art.run.xml'.
\openout1 = `state_of_art.run.xml'.

 )
(\end occurred when \ifx on line 88 was incomplete) 
Here is how much of TeX's memory you used:
 13725 strings out of 478864
 238099 string characters out of 2848660
 1006160 words of memory out of 3000000
 31446 multiletter control sequences out of 15000+600000
 416859 words of font info for 58 fonts, out of 8000000 for 9000
 1141 hyphenation exceptions out of 8191
 57i,9n,66p,829b,1675s stack positions out of 5000i,500n,10000p,200000b,80000s
{C:/Users/drakv/AppData/Local/Programs/MiKTeX/fonts/enc/dvips/base/8r.enc}<C:/Users/drakv/AppData/Local/Programs/MiKTeX/fonts/type1/public/amsfonts/cm/cmbx12.pfb><C:/Users/drakv/AppData/Local/Programs/MiKTeX/fonts/type1/public/amsfonts/cm/cmex10.pfb><C:/Users/drakv/AppData/Local/Programs/MiKTeX/fonts/type1/public/amsfonts/cm/cmmi12.pfb><C:/Users/drakv/AppData/Local/Programs/MiKTeX/fonts/type1/public/amsfonts/cm/cmmi8.pfb><C:/Users/drakv/AppData/Local/Programs/MiKTeX/fonts/type1/public/amsfonts/cm/cmr12.pfb><C:/Users/drakv/AppData/Local/Programs/MiKTeX/fonts/type1/public/amsfonts/cm/cmr8.pfb><C:/Users/drakv/AppData/Local/Programs/MiKTeX/fonts/type1/public/amsfonts/cm/cmsy10.pfb><C:/Users/drakv/AppData/Local/Programs/MiKTeX/fonts/type1/public/amsfonts/cm/cmsy8.pfb><C:/Users/drakv/AppData/Local/Programs/MiKTeX/fonts/type1/urw/helvetic/uhvb8a.pfb><C:/Users/drakv/AppData/Local/Programs/MiKTeX/fonts/type1/urw/helvetic/uhvr8a.pfb>
Output written on state_of_art.pdf (14 pages, 1209495 bytes).
PDF statistics:
 114 PDF objects out of 1000 (max. 8388607)
 0 named destinations out of 1000 (max. 500000)
 51 words of extra memory for PDF output out of 10000 (max. 10000000)

